# JRE version: Java(TM) SE Runtime Environment (23.0.2+7) (build 23.0.2+7-58)
# Java VM: Java HotSpot(TM) 64-Bit Server VM (23.0.2+7-58, mixed mode, sharing, tiered, compressed oops, compressed class ptrs, g1 gc, windows-amd64)
GC Precious Log:
 CardTable entry size: 512
 Card Set container configuration: InlinePtr #cards 5 size 8 Array Of Cards #cards 10 size 36 Howl #buckets 4 coarsen threshold 1843 Howl Bitmap #cards 512 size 80 coarsen threshold 460 Card regions per heap region 1 cards per card region 2048
 CPUs: 4 total, 4 available
 Memory: 7936M
 Large Page Support: Disabled
 NUMA Support: Disabled
 Compressed Oops: Enabled (32-bit)
 Heap Region Size: 1M
 Heap Min Capacity: 8M
 Heap Initial Capacity: 126M
 Heap Max Capacity: 1986M
 Pre-touch: Disabled
 Parallel Workers: 4
 Concurrent Workers: 1
 Concurrent Refinement Workers: 4
 Periodic GC: Disabled
Heap:
 garbage-first heap   total reserved 2033664K, committed 334848K, used 218278K [0x0000000083e00000, 0x0000000100000000)
  region size 1024K, 24 young (24576K), 5 survivors (5120K)
 Metaspace       used 15405K, committed 16000K, reserved 1114112K
  class space    used 1836K, committed 2112K, reserved 1048576K
GC Heap History (20 events):
Event: 0.551 GC heap before
{Heap before GC invocations=0 (full 0):
 garbage-first heap   total reserved 2033664K, committed 129024K, used 59392K [0x0000000083e00000, 0x0000000100000000)
  region size 1024K, 14 young (14336K), 0 survivors (0K)
 Metaspace       used 4974K, committed 5248K, reserved 1114112K
  class space    used 544K, committed 704K, reserved 1048576K
}
Event: 0.554 GC heap after
{Heap after GC invocations=1 (full 0):
 garbage-first heap   total reserved 2033664K, committed 129024K, used 47744K [0x0000000083e00000, 0x0000000100000000)
  region size 1024K, 2 young (2048K), 2 survivors (2048K)
 Metaspace       used 4974K, committed 5248K, reserved 1114112K
  class space    used 544K, committed 704K, reserved 1048576K
}
Event: 0.725 GC heap before
{Heap before GC invocations=1 (full 0):
 garbage-first heap   total reserved 2033664K, committed 129024K, used 61056K [0x0000000083e00000, 0x0000000100000000)
  region size 1024K, 16 young (16384K), 2 survivors (2048K)
 Metaspace       used 4978K, committed 5248K, reserved 1114112K
  class space    used 544K, committed 704K, reserved 1048576K
}
Event: 0.727 GC heap after
{Heap after GC invocations=2 (full 0):
 garbage-first heap   total reserved 2033664K, committed 129024K, used 47702K [0x0000000083e00000, 0x0000000100000000)
  region size 1024K, 1 young (1024K), 1 survivors (1024K)
 Metaspace       used 4978K, committed 5248K, reserved 1114112K
  class space    used 544K, committed 704K, reserved 1048576K
}
Event: 0.836 GC heap before
{Heap before GC invocations=2 (full 0):
 garbage-first heap   total reserved 2033664K, committed 129024K, used 88662K [0x0000000083e00000, 0x0000000100000000)
  region size 1024K, 41 young (41984K), 1 survivors (1024K)
 Metaspace       used 4978K, committed 5248K, reserved 1114112K
  class space    used 544K, committed 704K, reserved 1048576K
}
Event: 0.836 GC heap after
{Heap after GC invocations=3 (full 0):
 garbage-first heap   total reserved 2033664K, committed 129024K, used 47646K [0x0000000083e00000, 0x0000000100000000)
  region size 1024K, 1 young (1024K), 1 survivors (1024K)
 Metaspace       used 4978K, committed 5248K, reserved 1114112K
  class space    used 544K, committed 704K, reserved 1048576K
}
Event: 57.763 GC heap before
{Heap before GC invocations=3 (full 0):
 garbage-first heap   total reserved 2033664K, committed 129024K, used 60958K [0x0000000083e00000, 0x0000000100000000)
  region size 1024K, 12 young (12288K), 1 survivors (1024K)
 Metaspace       used 9696K, committed 9920K, reserved 1114112K
  class space    used 1180K, committed 1280K, reserved 1048576K
}
Event: 57.765 GC heap after
{Heap after GC invocations=4 (full 0):
 garbage-first heap   total reserved 2033664K, committed 129024K, used 51649K [0x0000000083e00000, 0x0000000100000000)
  region size 1024K, 1 young (1024K), 1 survivors (1024K)
 Metaspace       used 9696K, committed 9920K, reserved 1114112K
  class space    used 1180K, committed 1280K, reserved 1048576K
}
Event: 57.941 GC heap before
{Heap before GC invocations=4 (full 0):
 garbage-first heap   total reserved 2033664K, committed 129024K, used 127425K [0x0000000083e00000, 0x0000000100000000)
  region size 1024K, 19 young (19456K), 1 survivors (1024K)
 Metaspace       used 9702K, committed 9920K, reserved 1114112K
  class space    used 1180K, committed 1280K, reserved 1048576K
}
Event: 57.942 GC heap after
{Heap after GC invocations=5 (full 0):
 garbage-first heap   total reserved 2033664K, committed 130048K, used 110092K [0x0000000083e00000, 0x0000000100000000)
  region size 1024K, 1 young (1024K), 1 survivors (1024K)
 Metaspace       used 9702K, committed 9920K, reserved 1114112K
  class space    used 1180K, committed 1280K, reserved 1048576K
}
Event: 57.965 GC heap before
{Heap before GC invocations=5 (full 0):
 garbage-first heap   total reserved 2033664K, committed 130048K, used 121356K [0x0000000083e00000, 0x0000000100000000)
  region size 1024K, 12 young (12288K), 1 survivors (1024K)
 Metaspace       used 9703K, committed 9920K, reserved 1114112K
  class space    used 1180K, committed 1280K, reserved 1048576K
}
Event: 57.966 GC heap after
{Heap after GC invocations=6 (full 0):
 garbage-first heap   total reserved 2033664K, committed 130048K, used 110036K [0x0000000083e00000, 0x0000000100000000)
  region size 1024K, 1 young (1024K), 1 survivors (1024K)
 Metaspace       used 9703K, committed 9920K, reserved 1114112K
  class space    used 1180K, committed 1280K, reserved 1048576K
}
Event: 57.994 GC heap before
{Heap before GC invocations=7 (full 0):
 garbage-first heap   total reserved 2033664K, committed 184320K, used 120276K [0x0000000083e00000, 0x0000000100000000)
  region size 1024K, 12 young (12288K), 1 survivors (1024K)
 Metaspace       used 9703K, committed 9920K, reserved 1114112K
  class space    used 1180K, committed 1280K, reserved 1048576K
}
Event: 57.995 GC heap after
{Heap after GC invocations=8 (full 0):
 garbage-first heap   total reserved 2033664K, committed 184320K, used 110060K [0x0000000083e00000, 0x0000000100000000)
  region size 1024K, 1 young (1024K), 1 survivors (1024K)
 Metaspace       used 9703K, committed 9920K, reserved 1114112K
  class space    used 1180K, committed 1280K, reserved 1048576K
}
Event: 205.716 GC heap before
{Heap before GC invocations=8 (full 0):
 garbage-first heap   total reserved 2033664K, committed 184320K, used 132588K [0x0000000083e00000, 0x0000000100000000)
  region size 1024K, 25 young (25600K), 1 survivors (1024K)
 Metaspace       used 10166K, committed 10432K, reserved 1114112K
  class space    used 1201K, committed 1344K, reserved 1048576K
}
Event: 205.718 GC heap after
{Heap after GC invocations=9 (full 0):
 garbage-first heap   total reserved 2033664K, committed 184320K, used 110773K [0x0000000083e00000, 0x0000000100000000)
  region size 1024K, 2 young (2048K), 2 survivors (2048K)
 Metaspace       used 10166K, committed 10432K, reserved 1114112K
  class space    used 1201K, committed 1344K, reserved 1048576K
}
Event: 206.111 GC heap before
{Heap before GC invocations=10 (full 0):
 garbage-first heap   total reserved 2033664K, committed 324608K, used 251061K [0x0000000083e00000, 0x0000000100000000)
  region size 1024K, 59 young (60416K), 2 survivors (2048K)
 Metaspace       used 10167K, committed 10432K, reserved 1114112K
  class space    used 1201K, committed 1344K, reserved 1048576K
}
Event: 206.113 GC heap after
{Heap after GC invocations=11 (full 0):
 garbage-first heap   total reserved 2033664K, committed 324608K, used 193693K [0x0000000083e00000, 0x0000000100000000)
  region size 1024K, 2 young (2048K), 2 survivors (2048K)
 Metaspace       used 10167K, committed 10432K, reserved 1114112K
  class space    used 1201K, committed 1344K, reserved 1048576K
}
Event: 252.399 GC heap before
{Heap before GC invocations=11 (full 0):
 garbage-first heap   total reserved 2033664K, committed 324608K, used 265373K [0x0000000083e00000, 0x0000000100000000)
  region size 1024K, 74 young (75776K), 2 survivors (2048K)
 Metaspace       used 12085K, committed 12352K, reserved 1114112K
  class space    used 1402K, committed 1536K, reserved 1048576K
}
Event: 252.402 GC heap after
{Heap after GC invocations=12 (full 0):
 garbage-first heap   total reserved 2033664K, committed 324608K, used 196774K [0x0000000083e00000, 0x0000000100000000)
  region size 1024K, 5 young (5120K), 5 survivors (5120K)
 Metaspace       used 12085K, committed 12352K, reserved 1114112K
  class space    used 1402K, committed 1536K, reserved 1048576K
}

